(---------------------------------------------------------------------)
(                                                                     )
(    NC DRILL Log                                                     )
(                                                                     )
(    Drawing          : #Taaaaaa07516.tmp                             )
(    Software Version : 16.3S021                                      )
(    Date/Time        : Fri Jan 04 09:24:55 2013                      )
(                                                                     )
(---------------------------------------------------------------------)



 Processing NC Parameters file ...

 NC PARAMETERS
 -------------

 FORMAT   		2.3
 MACHINE-OFFSET		x:0.000000	y:0.000000
 FEEDRATE		1
 COORDINATES		ABSOLUTE
 OUTPUT-UNITS		ENGLISH
 TOOL-ORDER		INCREASING
 REPEAT-CODES		YES
 SUPPRESS-LEAD-ZEROES	NO
 SUPPRESS-TRAIL-ZEROES	NO
 SUPPRESS-EQUAL		NO
 TOOL-SELECT		NO
 HEADER			none
 LEADER			12
 CODE			ASCII
 SEPARATE		NO
 OPTIMIZE_DRILLING	NO
 ENHANCED_EXCELLON	NO
 SCALE			1.000000

 WARNING: Design precision is greater than that of the drill output file data.
          Data rounding errors are very possible.


 Drill files being output to directory 'D:/Misc/Misc/808BD/worklib/808bd/physical' ...



     '808bd23-1-2.drl' created for holes connecting TOP and BOTTOM
     -------------------------------------------------------------

           Num     Size      +/- Tolerance     Plating   Quantity

            1.  30.0000    0.0000/  0.0000      PLATED         16
            2.  35.0000    0.0000/  0.0000      PLATED          2
            3.  40.0000    0.0000/  0.0000      PLATED         19

     ---- Total holes:                                         37

     ---- Total head travel:              1.69 feet (0.51 meters)

