(---------------------------------------------------------------------)
(                                                                     )
(    Allegro Netrev Import Logic                                      )
(                                                                     )
(    Drawing          : 808bd19.brd                                   )
(    Software Version : 16.3S021                                      )
(    Date/Time        : Tue Oct 23 17:09:45 2012                      )
(                                                                     )
(---------------------------------------------------------------------)


------ Directives ------

RIPUP_ETCH FALSE;
RIPUP_SYMBOLS ALWAYS;
Missing symbol has error FALSE;
SCHEMATIC_DIRECTORY 'D:\Misc\808BD\worklib\808bd\packaged';
BOARD_DIRECTORY '';
OLD_BOARD_NAME 'D:/Misc/808BD/worklib/808bd/physical/808bd19.brd';
NEW_BOARD_NAME 'D:/Misc/808BD/worklib/808bd/physical/808bd19.brd';

CmdLine: netrev -proj D:\Misc\808BD\808bd.cpm -5 -y 1 -u D:\Misc\808BD\worklib\808bd\physical\808bd19.brd D:\Misc\808BD\worklib\808bd\physical\808bd19.brd -$

------ Preparing to read pst files ------

Starting to read D:/Misc/808BD/worklib/808bd/packaged/pstchip.dat 
   Finished reading D:/Misc/808BD/worklib/808bd/packaged/pstchip.dat (00:00:00.14)
Starting to read D:/Misc/808BD/worklib/808bd/packaged/pstxprt.dat 
   Finished reading D:/Misc/808BD/worklib/808bd/packaged/pstxprt.dat (00:00:00.01)
Starting to read D:/Misc/808BD/worklib/808bd/packaged/pstxnet.dat 
   Finished reading D:/Misc/808BD/worklib/808bd/packaged/pstxnet.dat (00:00:00.00)

------ Oversights/Warnings/Errors ------


#1   WARNING(SPMHNI-192): Device/Symbol check warning detected.

WARNING(SPMHNI-337): Unable to load symbol 'SOT-23W' for device 'D_SMT_SIGNAL_1A3C_SOT-23-10004B': WARNING(SPMHUT-127): Could not find padstack SQ60.
    due to ERROR(SPMHDB-274): Unable to load flash symbol AC00 (Check PSMPATH setting for this symbol).

------ Library Paths ------
MODULEPATH =  . 
           //applpark/technology/Electronics/InProcess/tools/npielect/GE_Library_16/AutoSetupFiles/SITE/pcb/modules 

PSMPATH =  . 
           symbols 
           .. 
           ../symbols 
           //applpark/technology/Electronics/InProcess/tools/npielect/GE_Library_16/AutoSetupFiles/SITE/pcb/symbols 
           C:/Cadence/SPB_16.3/share/pcb/pcb_lib/symbols 
           C:/Cadence/SPB_16.3/share/pcb/allegrolib/symbols 
           \\applpark\technology\Electronics\InProcess\tools\npielect\GE_Library_16\AutoSetupFiles\SITE/../../PCB_Lib/symbols 
           \\applpark\technology\Electronics\InProcess\tools\npielect\GE_Library_16\AutoSetupFiles\SITE/../../PCB_Lib/Templates/PCB_Outlines 
           D:\Misc\Project\janko\cadence\Janko\worklib\janko\physical\ 
           D:\Misc\MB64e\ 

PADPATH =  . 
           symbols 
           .. 
           ../symbols 
           //applpark/technology/Electronics/InProcess/tools/npielect/GE_Library_16/AutoSetupFiles/SITE/pcb/padstacks 
           C:/Cadence/SPB_16.3/share/pcb/pcb_lib/symbols 
           C:/Cadence/SPB_16.3/share/pcb/allegrolib/symbols 
           \\applpark\technology\Electronics\InProcess\tools\npielect\GE_Library_16\AutoSetupFiles\SITE/../../PCB_Lib/pad_stacks 
           D:\Misc\Project\janko\cadence\Janko 


------ Summary Statistics ------


netrev run on Oct 23 17:09:45 2012
   DESIGN NAME : '808BD'
   PACKAGING ON 23-Oct-2012 AT 17:09:35

   COMPILE 'logic'
   CHECK_PIN_NAMES OFF
   CROSS_REFERENCE OFF
   DIRECTORIES  <none>
   FEEDBACK OFF
   INCREMENTAL OFF
   INTERFACE_TYPE PHYSICAL
   LIBRARIES  '808bd_lib' 'standard' 'a_annunciator' 'c_capacitor' 'd_diode'
              'j_connector2fjumper' 'k_relay' 'l_inductor' 'm_miscellaneous'
              'q_transistor' 'r_resistor' 's_switch' 't_transformer' 'u_ic'
              'v_trasient_suppressor' 'x_oscillator' 'y_sensor' 'z_display'
   MASTER_LIBRARIES  <none>
   MAX_ERRORS 500
   MERGE_MINIMUM 5
   NET_NAME_CHARS '#%&()*+-./:=>?@[]^_`|'
   NET_NAME_LENGTH 24
   OVERSIGHTS ON
   REPLACE_CHECK OFF
   SINGLE_NODE_NETS ON
   SPLIT_MINIMUM 0
   SUPPRESS   20
   WARNINGS ON

 No error detected
 No oversight detected
  1 warnings detected

cpu time      0:04:33
elapsed time  0:00:02

